<?xml version="1.0" encoding="UTF-8"?>
<!-- Generated by org.testng.reporters.JUnitReportReporter -->
<testsuite hostname="Pankaj" failures="0" tests="1" name="SeleniumTraining.MorningBatch.section_7_8_WindowHandling" time="7.927" errors="0" timestamp="2024-10-04T18:08:48 IST" skipped="0">
  <testcase classname="SeleniumTraining.MorningBatch.section_7_8_WindowHandling" name="WindowHandling" time="7.927"/>
</testsuite> <!-- SeleniumTraining.MorningBatch.section_7_8_WindowHandling -->
