<?xml version="1.0" encoding="UTF-8"?>
<!-- Generated by org.testng.reporters.JUnitReportReporter -->
<testsuite hostname="Pankaj" failures="0" tests="1" name="SeleniumTraining.MorningBatch.Login" time="7.984" errors="0" timestamp="2024-09-27T10:34:09 IST" skipped="0">
  <testcase classname="SeleniumTraining.MorningBatch.Login" name="ApplicationLogin" time="7.984"/>
</testsuite> <!-- SeleniumTraining.MorningBatch.Login -->
