<?xml version="1.0" encoding="UTF-8"?>
<!-- Generated by org.testng.reporters.JUnitReportReporter -->
<testsuite hostname="Pankaj" failures="0" tests="3" name="SeleniumTraining.MorningBatch.POM_login" time="8.815" errors="0" timestamp="2024-10-10T18:27:21 IST" skipped="0">
  <testcase classname="SeleniumTraining.MorningBatch.POM_login" name="openEnquiryListPage" time="2.128"/>
  <testcase classname="SeleniumTraining.MorningBatch.POM_login" name="openEnquiryPage" time="3.417"/>
  <testcase classname="SeleniumTraining.MorningBatch.POM_login" name="openFollowUpPage" time="3.270"/>
</testsuite> <!-- SeleniumTraining.MorningBatch.POM_login -->
