<?xml version="1.0" encoding="UTF-8"?>
<!-- Generated by org.testng.reporters.JUnitReportReporter -->
<testsuite hostname="Pankaj" failures="0" tests="1" name="SeleniumTraining.MorningBatch.SynchronizationWait" time="6.947" errors="0" timestamp="2024-10-04T18:30:22 IST" skipped="0">
  <testcase classname="SeleniumTraining.MorningBatch.SynchronizationWait" name="waitMechanism" time="6.947"/>
</testsuite> <!-- SeleniumTraining.MorningBatch.SynchronizationWait -->
