<?xml version="1.0" encoding="UTF-8"?>
<!-- Generated by org.testng.reporters.JUnitReportReporter -->
<testsuite hostname="Pankaj" failures="0" tests="1" name="SeleniumTraining.MorningBatch.practiceProjectPage" time="5.882" errors="0" timestamp="2024-09-28T09:23:13 IST" skipped="0">
  <testcase classname="SeleniumTraining.MorningBatch.practiceProjectPage" name="practicePage" time="5.882"/>
</testsuite> <!-- SeleniumTraining.MorningBatch.practiceProjectPage -->
